PHP Warning:  include(../db/conn.php): failed to open stream: No such file or directory in /data/wwwroot/FYMNEW/task/dealSourceTest.php on line 4
PHP Warning:  include(): Failed opening '../db/conn.php' for inclusion (include_path='.:/usr/local/php/lib/php') in /data/wwwroot/FYMNEW/task/dealSourceTest.php on line 4
PHP Warning:  include(../init.php): failed to open stream: No such file or directory in /data/wwwroot/FYMNEW/task/dealSourceTest.php on line 5
PHP Warning:  include(): Failed opening '../init.php' for inclusion (include_path='.:/usr/local/php/lib/php') in /data/wwwroot/FYMNEW/task/dealSourceTest.php on line 5
PHP Fatal error:  Uncaught Error: Class 'MMYsql' not found in /data/wwwroot/FYMNEW/task/dealSourceTest.php:8
Stack trace:
#0 {main}
  thrown in /data/wwwroot/FYMNEW/task/dealSourceTest.php on line 8
PHP Warning:  include(../db/conn.php): failed to open stream: No such file or directory in /data/wwwroot/FYMNEW/task/dealSourceTest.php on line 4
PHP Warning:  include(): Failed opening '../db/conn.php' for inclusion (include_path='.:/usr/local/php/lib/php') in /data/wwwroot/FYMNEW/task/dealSourceTest.php on line 4
PHP Warning:  include(../init.php): failed to open stream: No such file or directory in /data/wwwroot/FYMNEW/task/dealSourceTest.php on line 5
PHP Warning:  include(): Failed opening '../init.php' for inclusion (include_path='.:/usr/local/php/lib/php') in /data/wwwroot/FYMNEW/task/dealSourceTest.php on line 5
PHP Fatal error:  Uncaught Error: Class 'MMYsql' not found in /data/wwwroot/FYMNEW/task/dealSourceTest.php:8
Stack trace:
#0 {main}
  thrown in /data/wwwroot/FYMNEW/task/dealSourceTest.php on line 8
PHP Warning:  include(../db/conn.php): failed to open stream: No such file or directory in /data/wwwroot/FYMNEW/task/dealSourceTest.php on line 4
PHP Warning:  include(): Failed opening '../db/conn.php' for inclusion (include_path='.:/usr/local/php/lib/php') in /data/wwwroot/FYMNEW/task/dealSourceTest.php on line 4
PHP Warning:  include(../init.php): failed to open stream: No such file or directory in /data/wwwroot/FYMNEW/task/dealSourceTest.php on line 5
PHP Warning:  include(): Failed opening '../init.php' for inclusion (include_path='.:/usr/local/php/lib/php') in /data/wwwroot/FYMNEW/task/dealSourceTest.php on line 5
PHP Fatal error:  Uncaught Error: Class 'MMYsql' not found in /data/wwwroot/FYMNEW/task/dealSourceTest.php:8
Stack trace:
#0 {main}
  thrown in /data/wwwroot/FYMNEW/task/dealSourceTest.php on line 8
Could not open input file: dealSourceTest.php
Could not open input file: dealSourceTest.php
